<?xml version="1.0" encoding="UTF-8"?>
<testng-results ignored="0" total="7" passed="5" failed="2" skipped="0">
  <reporter-output>
  </reporter-output>
  <suite started-at="2020-08-10T18:54:58Z" name="Suite" finished-at="2020-08-10T18:56:18Z" duration-ms="80135">
    <groups>
    </groups>
    <test started-at="2020-08-10T18:54:58Z" name="Test" finished-at="2020-08-10T18:56:18Z" duration-ms="80135">
      <class name="com.qa.testcase.Infinitescroll">
        <test-method signature="scrolling()[pri:0, instance:com.qa.testcase.Infinitescroll@14ec4505]" started-at="2020-08-11T00:25:51Z" name="scrolling" finished-at="2020-08-11T00:26:02Z" duration-ms="11122" status="PASS">
          <reporter-output>
          </reporter-output>
        </test-method> <!-- scrolling -->
      </class> <!-- com.qa.testcase.Infinitescroll -->
      <class name="com.qa.testcase.Exitintent">
        <test-method signature="test()[pri:0, instance:com.qa.testcase.Exitintent@4034c28c]" started-at="2020-08-11T00:25:41Z" name="test" finished-at="2020-08-11T00:25:41Z" duration-ms="176" status="FAIL">
          <exception class="org.openqa.selenium.interactions.MoveTargetOutOfBoundsException">
            <message>
              <![CDATA[move target out of bounds
  (Session info: chrome=84.0.4147.105)
Build info: version: '3.141.59', revision: 'e82be7d358', time: '2018-11-14T08:17:03'
System info: host: 'DESKTOP-8A85IIM', ip: '192.168.1.100', os.name: 'Windows 10', os.arch: 'amd64', os.version: '10.0', java.version: '14'
Driver info: org.openqa.selenium.chrome.ChromeDriver
Capabilities {acceptInsecureCerts: false, browserName: chrome, browserVersion: 84.0.4147.105, chrome: {chromedriverVersion: 84.0.4147.30 (48b3e868b4cc0..., userDataDir: C:\Users\acer\AppData\Local...}, goog:chromeOptions: {debuggerAddress: localhost:50903}, javascriptEnabled: true, networkConnectionEnabled: false, pageLoadStrategy: normal, platform: WINDOWS, platformName: WINDOWS, proxy: Proxy(), setWindowRect: true, strictFileInteractability: false, timeouts: {implicit: 0, pageLoad: 300000, script: 30000}, unhandledPromptBehavior: dismiss and notify, webauthn:virtualAuthenticators: true}
Session ID: 358d9c2a426b7e4a4fa16a3d4d6636eb]]>
            </message>
            <full-stacktrace>
              <![CDATA[org.openqa.selenium.interactions.MoveTargetOutOfBoundsException: move target out of bounds
  (Session info: chrome=84.0.4147.105)
Build info: version: '3.141.59', revision: 'e82be7d358', time: '2018-11-14T08:17:03'
System info: host: 'DESKTOP-8A85IIM', ip: '192.168.1.100', os.name: 'Windows 10', os.arch: 'amd64', os.version: '10.0', java.version: '14'
Driver info: org.openqa.selenium.chrome.ChromeDriver
Capabilities {acceptInsecureCerts: false, browserName: chrome, browserVersion: 84.0.4147.105, chrome: {chromedriverVersion: 84.0.4147.30 (48b3e868b4cc0..., userDataDir: C:\Users\acer\AppData\Local...}, goog:chromeOptions: {debuggerAddress: localhost:50903}, javascriptEnabled: true, networkConnectionEnabled: false, pageLoadStrategy: normal, platform: WINDOWS, platformName: WINDOWS, proxy: Proxy(), setWindowRect: true, strictFileInteractability: false, timeouts: {implicit: 0, pageLoad: 300000, script: 30000}, unhandledPromptBehavior: dismiss and notify, webauthn:virtualAuthenticators: true}
Session ID: 358d9c2a426b7e4a4fa16a3d4d6636eb
	at java.base/jdk.internal.reflect.NativeConstructorAccessorImpl.newInstance0(Native Method)
	at java.base/jdk.internal.reflect.NativeConstructorAccessorImpl.newInstance(NativeConstructorAccessorImpl.java:62)
	at java.base/jdk.internal.reflect.DelegatingConstructorAccessorImpl.newInstance(DelegatingConstructorAccessorImpl.java:45)
	at java.base/java.lang.reflect.Constructor.newInstanceWithCaller(Constructor.java:500)
	at java.base/java.lang.reflect.Constructor.newInstance(Constructor.java:481)
	at org.openqa.selenium.remote.http.W3CHttpResponseCodec.createException(W3CHttpResponseCodec.java:187)
	at org.openqa.selenium.remote.http.W3CHttpResponseCodec.decode(W3CHttpResponseCodec.java:122)
	at org.openqa.selenium.remote.http.W3CHttpResponseCodec.decode(W3CHttpResponseCodec.java:49)
	at org.openqa.selenium.remote.HttpCommandExecutor.execute(HttpCommandExecutor.java:158)
	at org.openqa.selenium.remote.service.DriverCommandExecutor.execute(DriverCommandExecutor.java:83)
	at org.openqa.selenium.remote.RemoteWebDriver.execute(RemoteWebDriver.java:552)
	at org.openqa.selenium.remote.RemoteWebDriver.perform(RemoteWebDriver.java:618)
	at org.openqa.selenium.interactions.Actions$BuiltAction.perform(Actions.java:639)
	at com.qa.testcase.Exitintent.test(Exitintent.java:29)
	at java.base/jdk.internal.reflect.NativeMethodAccessorImpl.invoke0(Native Method)
	at java.base/jdk.internal.reflect.NativeMethodAccessorImpl.invoke(NativeMethodAccessorImpl.java:62)
	at java.base/jdk.internal.reflect.DelegatingMethodAccessorImpl.invoke(DelegatingMethodAccessorImpl.java:43)
	at java.base/java.lang.reflect.Method.invoke(Method.java:564)
	at org.testng.internal.MethodInvocationHelper.invokeMethod(MethodInvocationHelper.java:108)
	at org.testng.internal.Invoker.invokeMethod(Invoker.java:661)
	at org.testng.internal.Invoker.invokeTestMethod(Invoker.java:869)
	at org.testng.internal.Invoker.invokeTestMethods(Invoker.java:1193)
	at org.testng.internal.TestMethodWorker.invokeTestMethods(TestMethodWorker.java:126)
	at org.testng.internal.TestMethodWorker.run(TestMethodWorker.java:109)
	at org.testng.TestRunner.privateRun(TestRunner.java:744)
	at org.testng.TestRunner.run(TestRunner.java:602)
	at org.testng.SuiteRunner.runTest(SuiteRunner.java:380)
	at org.testng.SuiteRunner.runSequentially(SuiteRunner.java:375)
	at org.testng.SuiteRunner.privateRun(SuiteRunner.java:340)
	at org.testng.SuiteRunner.run(SuiteRunner.java:289)
	at org.testng.SuiteRunnerWorker.runSuite(SuiteRunnerWorker.java:52)
	at org.testng.SuiteRunnerWorker.run(SuiteRunnerWorker.java:86)
	at org.testng.TestNG.runSuitesSequentially(TestNG.java:1301)
	at org.testng.TestNG.runSuitesLocally(TestNG.java:1226)
	at org.testng.TestNG.runSuites(TestNG.java:1144)
	at org.testng.TestNG.run(TestNG.java:1115)
	at org.testng.remote.AbstractRemoteTestNG.run(AbstractRemoteTestNG.java:115)
	at org.testng.remote.RemoteTestNG.initAndRun(RemoteTestNG.java:251)
	at org.testng.remote.RemoteTestNG.main(RemoteTestNG.java:77)
]]>
            </full-stacktrace>
          </exception> <!-- org.openqa.selenium.interactions.MoveTargetOutOfBoundsException -->
          <reporter-output>
          </reporter-output>
        </test-method> <!-- test -->
      </class> <!-- com.qa.testcase.Exitintent -->
      <class name="com.qa.testcase.Modalonentry">
        <test-method signature="modal()[pri:0, instance:com.qa.testcase.Modalonentry@2d9d4f9d]" started-at="2020-08-11T00:25:40Z" name="modal" finished-at="2020-08-11T00:25:41Z" duration-ms="1031" status="PASS">
          <reporter-output>
          </reporter-output>
        </test-method> <!-- modal -->
      </class> <!-- com.qa.testcase.Modalonentry -->
      <class name="com.qa.testcase.Login">
        <test-method is-config="true" signature="setup()[pri:0, instance:com.qa.testcase.Login@161b062a]" started-at="2020-08-11T00:24:55Z" name="setup" finished-at="2020-08-11T00:24:58Z" duration-ms="2926" status="PASS">
          <reporter-output>
          </reporter-output>
        </test-method> <!-- setup -->
        <test-method is-config="true" signature="enterurl()[pri:0, instance:com.qa.testcase.Login@161b062a]" started-at="2020-08-11T00:26:02Z" name="enterurl" finished-at="2020-08-11T00:26:08Z" duration-ms="5911" status="PASS">
          <reporter-output>
          </reporter-output>
        </test-method> <!-- enterurl -->
        <test-method signature="Valid_login()[pri:1, instance:com.qa.testcase.Login@161b062a]" started-at="2020-08-11T00:26:08Z" name="Valid_login" finished-at="2020-08-11T00:26:13Z" duration-ms="5091" status="PASS">
          <reporter-output>
          </reporter-output>
        </test-method> <!-- Valid_login -->
        <test-method is-config="true" signature="enterurl()[pri:0, instance:com.qa.testcase.Login@161b062a]" started-at="2020-08-11T00:26:13Z" name="enterurl" finished-at="2020-08-11T00:26:15Z" duration-ms="1669" status="PASS">
          <reporter-output>
          </reporter-output>
        </test-method> <!-- enterurl -->
        <test-method signature="Invalid_Login()[pri:2, instance:com.qa.testcase.Login@161b062a]" started-at="2020-08-11T00:26:15Z" name="Invalid_Login" finished-at="2020-08-11T00:26:16Z" duration-ms="1064" status="FAIL">
          <exception class="java.lang.AssertionError">
            <message>
              <![CDATA[The following asserts failed:
	Invalid Username or Password  !!! expected [http://the-internet.herokuapp.com/login] but found [http://the-internet.herokuapp.com/secure]]]>
            </message>
            <full-stacktrace>
              <![CDATA[java.lang.AssertionError: The following asserts failed:
	Invalid Username or Password  !!! expected [http://the-internet.herokuapp.com/login] but found [http://the-internet.herokuapp.com/secure]
	at org.testng.asserts.SoftAssert.assertAll(SoftAssert.java:43)
	at com.qa.testcase.Login.Invalid_Login(Login.java:53)
	at java.base/jdk.internal.reflect.NativeMethodAccessorImpl.invoke0(Native Method)
	at java.base/jdk.internal.reflect.NativeMethodAccessorImpl.invoke(NativeMethodAccessorImpl.java:62)
	at java.base/jdk.internal.reflect.DelegatingMethodAccessorImpl.invoke(DelegatingMethodAccessorImpl.java:43)
	at java.base/java.lang.reflect.Method.invoke(Method.java:564)
	at org.testng.internal.MethodInvocationHelper.invokeMethod(MethodInvocationHelper.java:108)
	at org.testng.internal.Invoker.invokeMethod(Invoker.java:661)
	at org.testng.internal.Invoker.invokeTestMethod(Invoker.java:869)
	at org.testng.internal.Invoker.invokeTestMethods(Invoker.java:1193)
	at org.testng.internal.TestMethodWorker.invokeTestMethods(TestMethodWorker.java:126)
	at org.testng.internal.TestMethodWorker.run(TestMethodWorker.java:109)
	at org.testng.TestRunner.privateRun(TestRunner.java:744)
	at org.testng.TestRunner.run(TestRunner.java:602)
	at org.testng.SuiteRunner.runTest(SuiteRunner.java:380)
	at org.testng.SuiteRunner.runSequentially(SuiteRunner.java:375)
	at org.testng.SuiteRunner.privateRun(SuiteRunner.java:340)
	at org.testng.SuiteRunner.run(SuiteRunner.java:289)
	at org.testng.SuiteRunnerWorker.runSuite(SuiteRunnerWorker.java:52)
	at org.testng.SuiteRunnerWorker.run(SuiteRunnerWorker.java:86)
	at org.testng.TestNG.runSuitesSequentially(TestNG.java:1301)
	at org.testng.TestNG.runSuitesLocally(TestNG.java:1226)
	at org.testng.TestNG.runSuites(TestNG.java:1144)
	at org.testng.TestNG.run(TestNG.java:1115)
	at org.testng.remote.AbstractRemoteTestNG.run(AbstractRemoteTestNG.java:115)
	at org.testng.remote.RemoteTestNG.initAndRun(RemoteTestNG.java:251)
	at org.testng.remote.RemoteTestNG.main(RemoteTestNG.java:77)
]]>
            </full-stacktrace>
          </exception> <!-- java.lang.AssertionError -->
          <reporter-output>
          </reporter-output>
        </test-method> <!-- Invalid_Login -->
      </class> <!-- com.qa.testcase.Login -->
      <class name="com.qa.testcase.Hovercase">
        <test-method signature="check()[pri:0, instance:com.qa.testcase.Hovercase@e50a6f6]" started-at="2020-08-11T00:25:41Z" name="check" finished-at="2020-08-11T00:25:51Z" duration-ms="9546" status="PASS">
          <reporter-output>
          </reporter-output>
        </test-method> <!-- check -->
      </class> <!-- com.qa.testcase.Hovercase -->
      <class name="com.qa.testcase.Brokenlinks">
        <test-method is-config="true" signature="setup()[pri:0, instance:com.qa.testcase.Brokenlinks@17c1bced]" started-at="2020-08-11T00:24:58Z" name="setup" finished-at="2020-08-11T00:25:08Z" duration-ms="9225" status="PASS">
          <reporter-output>
          </reporter-output>
        </test-method> <!-- setup -->
        <test-method is-config="true" signature="setup()[pri:0, instance:com.qa.testcase.Exitintent@4034c28c]" started-at="2020-08-11T00:25:08Z" name="setup" finished-at="2020-08-11T00:25:15Z" duration-ms="7726" status="PASS">
          <reporter-output>
          </reporter-output>
        </test-method> <!-- setup -->
        <test-method is-config="true" signature="setup()[pri:0, instance:com.qa.testcase.Hovercase@e50a6f6]" started-at="2020-08-11T00:25:15Z" name="setup" finished-at="2020-08-11T00:25:22Z" duration-ms="6824" status="PASS">
          <reporter-output>
          </reporter-output>
        </test-method> <!-- setup -->
        <test-method is-config="true" signature="setup()[pri:0, instance:com.qa.testcase.Infinitescroll@14ec4505]" started-at="2020-08-11T00:25:22Z" name="setup" finished-at="2020-08-11T00:25:30Z" duration-ms="8310" status="PASS">
          <reporter-output>
          </reporter-output>
        </test-method> <!-- setup -->
        <test-method is-config="true" signature="setup()[pri:0, instance:com.qa.testcase.Modalonentry@2d9d4f9d]" started-at="2020-08-11T00:25:30Z" name="setup" finished-at="2020-08-11T00:25:38Z" duration-ms="7476" status="PASS">
          <reporter-output>
          </reporter-output>
        </test-method> <!-- setup -->
        <test-method signature="test()[pri:0, instance:com.qa.testcase.Brokenlinks@17c1bced]" started-at="2020-08-11T00:25:38Z" name="test" finished-at="2020-08-11T00:25:40Z" duration-ms="2324" status="PASS">
          <reporter-output>
          </reporter-output>
        </test-method> <!-- test -->
        <test-method is-config="true" signature="close()[pri:0, instance:com.qa.testcase.Brokenlinks@17c1bced]" started-at="2020-08-11T00:26:16Z" name="close" finished-at="2020-08-11T00:26:16Z" duration-ms="50" status="PASS">
          <reporter-output>
          </reporter-output>
        </test-method> <!-- close -->
        <test-method is-config="true" signature="quit()[pri:0, instance:com.qa.testcase.Exitintent@4034c28c]" started-at="2020-08-11T00:26:16Z" name="quit" finished-at="2020-08-11T00:26:17Z" duration-ms="873" status="PASS">
          <reporter-output>
          </reporter-output>
        </test-method> <!-- quit -->
        <test-method is-config="true" signature="quit()[pri:0, instance:com.qa.testcase.Hovercase@e50a6f6]" started-at="2020-08-11T00:26:17Z" name="quit" finished-at="2020-08-11T00:26:17Z" duration-ms="643" status="PASS">
          <reporter-output>
          </reporter-output>
        </test-method> <!-- quit -->
        <test-method is-config="true" signature="close()[pri:0, instance:com.qa.testcase.Infinitescroll@14ec4505]" started-at="2020-08-11T00:26:17Z" name="close" finished-at="2020-08-11T00:26:18Z" duration-ms="626" status="PASS">
          <reporter-output>
          </reporter-output>
        </test-method> <!-- close -->
        <test-method is-config="true" signature="close()[pri:0, instance:com.qa.testcase.Login@161b062a]" started-at="2020-08-11T00:26:18Z" name="close" finished-at="2020-08-11T00:26:18Z" duration-ms="75" status="PASS">
          <reporter-output>
          </reporter-output>
        </test-method> <!-- close -->
        <test-method is-config="true" signature="close()[pri:0, instance:com.qa.testcase.Modalonentry@2d9d4f9d]" started-at="2020-08-11T00:26:18Z" name="close" finished-at="2020-08-11T00:26:18Z" duration-ms="326" status="PASS">
          <reporter-output>
          </reporter-output>
        </test-method> <!-- close -->
      </class> <!-- com.qa.testcase.Brokenlinks -->
    </test> <!-- Test -->
  </suite> <!-- Suite -->
</testng-results>
